<?xml version="1.0" encoding="UTF-8"?>
<!-- Generated by org.testng.reporters.JUnitXMLReporter -->
<testsuite hostname="IN-HBharish-1" ignored="0" name="SignInTestcase" tests="1" failures="0" timestamp="27 Mar 2017 10:18:56 GMT" time="0.059" errors="0">
  <testcase name="@BeforeSuite initiate" time="135.701" classname="com.ta3s.baseclass.BaseUtil">
    <failure type="java.io.FileNotFoundException" message="\ta3sunisys\src\com\ta3s\config\config.properties (The system cannot find the path specified)">
      <![CDATA[java.io.FileNotFoundException: \ta3sunisys\src\com\ta3s\config\config.properties (The system cannot find the path specified)
	at java.io.FileInputStream.open0(Native Method)
	at java.io.FileInputStream.open(Unknown Source)
	at java.io.FileInputStream.<init>(Unknown Source)
	at java.io.FileInputStream.<init>(Unknown Source)
	at com.ta3s.baseclass.BaseUtil.readConfigFile(BaseUtil.java:173)
	at com.ta3s.baseclass.BaseUtil.initiate(BaseUtil.java:87)
	at com.ta3s.config.Mainclass.main(Mainclass.java:23)
	at org.eclipse.jdt.internal.jarinjarloader.JarRsrcLoader.main(JarRsrcLoader.java:58)
... Removed 20 stack frames]]>
    </failure>
  </testcase> <!-- @BeforeSuite initiate -->
  <testcase name="@BeforeClass setUp" time="0.0" classname="com.ta3s.testcases.LoginTest">
    <skipped/>
  </testcase> <!-- @BeforeClass setUp -->
  <testcase name="SignIn" time="0.0" classname="com.ta3s.testcases.LoginTest">
    <skipped/>
  </testcase> <!-- SignIn -->
</testsuite> <!-- SignInTestcase -->
